<?xml version="1.0" encoding="UTF-8"?>
<testng-results ignored="0" total="1" passed="1" failed="0" skipped="0">
  <reporter-output>
  </reporter-output>
  <suite started-at="2024-04-26T10:02:52 EDT" name="Suite" finished-at="2024-04-26T10:03:24 EDT" duration-ms="31685">
    <groups>
    </groups>
    <test started-at="2024-04-26T10:02:52 EDT" name="Test" finished-at="2024-04-26T10:03:24 EDT" duration-ms="31685">
      <class name="fredfraser.tests.SubmitOrderTest">
        <test-method is-config="true" signature="launchApplication()[pri:0, instance:fredfraser.tests.SubmitOrderTest@124c278f]" started-at="2024-04-26T10:02:53 EDT" name="launchApplication" finished-at="2024-04-26T10:03:03 EDT" duration-ms="10344" status="PASS">
          <reporter-output>
          </reporter-output>
        </test-method> <!-- launchApplication -->
        <test-method signature="submitOrder()[pri:0, instance:fredfraser.tests.SubmitOrderTest@124c278f]" started-at="2024-04-26T10:03:03 EDT" name="submitOrder" finished-at="2024-04-26T10:03:24 EDT" duration-ms="21072" status="PASS">
          <reporter-output>
          </reporter-output>
        </test-method> <!-- submitOrder -->
        <test-method is-config="true" signature="tearDown()[pri:0, instance:fredfraser.tests.SubmitOrderTest@124c278f]" started-at="2024-04-26T10:03:24 EDT" name="tearDown" finished-at="2024-04-26T10:03:24 EDT" duration-ms="199" status="PASS">
          <reporter-output>
          </reporter-output>
        </test-method> <!-- tearDown -->
      </class> <!-- fredfraser.tests.SubmitOrderTest -->
    </test> <!-- Test -->
  </suite> <!-- Suite -->
</testng-results>
