<?xml version="1.0" encoding="UTF-8"?>
<testng-results ignored="0" total="1" passed="1" failed="0" skipped="0">
  <reporter-output>
  </reporter-output>
  <suite started-at="2024-04-25T17:20:32 EDT" name="Suite" finished-at="2024-04-25T17:21:01 EDT" duration-ms="29260">
    <groups>
    </groups>
    <test started-at="2024-04-25T17:20:32 EDT" name="Test" finished-at="2024-04-25T17:21:01 EDT" duration-ms="29260">
      <class name="fredfraser.tests.SubmitOrderTest">
        <test-method is-config="true" signature="launchApplication()[pri:0, instance:fredfraser.tests.SubmitOrderTest@6ac13091]" started-at="2024-04-25T17:20:32 EDT" name="launchApplication" finished-at="2024-04-25T17:20:40 EDT" duration-ms="8435" status="PASS">
          <reporter-output>
          </reporter-output>
        </test-method> <!-- launchApplication -->
        <test-method signature="submitOrder()[pri:0, instance:fredfraser.tests.SubmitOrderTest@6ac13091]" started-at="2024-04-25T17:20:40 EDT" name="submitOrder" finished-at="2024-04-25T17:21:01 EDT" duration-ms="20617" status="PASS">
          <reporter-output>
          </reporter-output>
        </test-method> <!-- submitOrder -->
        <test-method is-config="true" signature="tearDown()[pri:0, instance:fredfraser.tests.SubmitOrderTest@6ac13091]" started-at="2024-04-25T17:21:01 EDT" name="tearDown" finished-at="2024-04-25T17:21:01 EDT" duration-ms="141" status="PASS">
          <reporter-output>
          </reporter-output>
        </test-method> <!-- tearDown -->
      </class> <!-- fredfraser.tests.SubmitOrderTest -->
    </test> <!-- Test -->
  </suite> <!-- Suite -->
</testng-results>
